Traceback (most recent call last):
  File "/opt/hostedtoolcache/Python/3.10.13/x64/lib/python3.10/site-packages/jupyter_cache/executors/utils.py", line 58, in single_nb_execution
    executenb(
  File "/opt/hostedtoolcache/Python/3.10.13/x64/lib/python3.10/site-packages/nbclient/client.py", line 1305, in execute
    return NotebookClient(nb=nb, resources=resources, km=km, **kwargs).execute()
  File "/opt/hostedtoolcache/Python/3.10.13/x64/lib/python3.10/site-packages/jupyter_core/utils/__init__.py", line 173, in wrapped
    return loop.run_until_complete(inner)
  File "/opt/hostedtoolcache/Python/3.10.13/x64/lib/python3.10/asyncio/base_events.py", line 649, in run_until_complete
    return future.result()
  File "/opt/hostedtoolcache/Python/3.10.13/x64/lib/python3.10/site-packages/nbclient/client.py", line 705, in async_execute
    await self.async_execute_cell(
  File "/opt/hostedtoolcache/Python/3.10.13/x64/lib/python3.10/site-packages/nbclient/client.py", line 1058, in async_execute_cell
    await self._check_raise_for_error(cell, cell_index, exec_reply)
  File "/opt/hostedtoolcache/Python/3.10.13/x64/lib/python3.10/site-packages/nbclient/client.py", line 914, in _check_raise_for_error
    raise CellExecutionError.from_cell_and_msg(cell, exec_reply_content)
nbclient.exceptions.CellExecutionError: An error occurred while executing the following cell:
------------------
from sdc.s1 import load_s1_rtc

vec = "../../_assets/test.geojson"
ds = load_s1_rtc(vec=vec, time_range=("2020-01-01", "2021-01-01"))
ds.vh
------------------


[0;31m---------------------------------------------------------------------------[0m
[0;31mModuleNotFoundError[0m                       Traceback (most recent call last)
Cell [0;32mIn[1], line 1[0m
[0;32m----> 1[0m [38;5;28;01mfrom[39;00m [38;5;21;01msdc[39;00m[38;5;21;01m.[39;00m[38;5;21;01ms1[39;00m [38;5;28;01mimport[39;00m load_s1_rtc
[1;32m      3[0m vec [38;5;241m=[39m [38;5;124m"[39m[38;5;124m../../_assets/test.geojson[39m[38;5;124m"[39m
[1;32m      4[0m ds [38;5;241m=[39m load_s1_rtc(vec[38;5;241m=[39mvec, time_range[38;5;241m=[39m([38;5;124m"[39m[38;5;124m2020-01-01[39m[38;5;124m"[39m, [38;5;124m"[39m[38;5;124m2021-01-01[39m[38;5;124m"[39m))

[0;31mModuleNotFoundError[0m: No module named 'sdc'

